{"C:\\Users\\ht652\\Documents\\devplomont\\ShoppingList\\src\\App.tsx": {"path":"C:\\Users\\ht652\\Documents\\devplomont\\ShoppingList\\src\\App.tsx","statementMap":{"0":{"start":{"line":5,"column":22},"end":{"line":12,"column":1}},"1":{"start":{"line":6,"column":2},"end":{"line":11,"column":3}}},"fnMap":{"0":{"name":"(anonymous_0)","decl":{"start":{"line":5,"column":22},"end":{"line":5,"column":23}},"loc":{"start":{"line":5,"column":28},"end":{"line":12,"column":1}},"line":5}},"branchMap":{},"s":{"0":1,"1":1},"f":{"0":1},"b":{},"_coverageSchema":"1a1c01bbd47fc00a2c39e90264f33305004495a9","hash":"24275ed165f9933502429d858366825bb7585bf4"}
,"C:\\Users\\ht652\\Documents\\devplomont\\ShoppingList\\src\\components\\Header.tsx": {"path":"C:\\Users\\ht652\\Documents\\devplomont\\ShoppingList\\src\\components\\Header.tsx","statementMap":{"0":{"start":{"line":8,"column":15},"end":{"line":8,"column":68}},"1":{"start":{"line":19,"column":39},"end":{"line":38,"column":1}},"2":{"start":{"line":20,"column":4},"end":{"line":37,"column":5}},"3":{"start":{"line":40,"column":15},"end":{"line":67,"column":2}}},"fnMap":{"0":{"name":"(anonymous_0)","decl":{"start":{"line":19,"column":39},"end":{"line":19,"column":40}},"loc":{"start":{"line":19,"column":127},"end":{"line":38,"column":1}},"line":19}},"branchMap":{},"s":{"0":2,"1":2,"2":9,"3":2},"f":{"0":9},"b":{},"_coverageSchema":"1a1c01bbd47fc00a2c39e90264f33305004495a9","hash":"0493a8328ab5ea8761c5c058fb1f0afc321d5106"}
,"C:\\Users\\ht652\\Documents\\devplomont\\ShoppingList\\src\\components\\Item.tsx": {"path":"C:\\Users\\ht652\\Documents\\devplomont\\ShoppingList\\src\\components\\Item.tsx","statementMap":{"0":{"start":{"line":14,"column":41},"end":{"line":26,"column":1}},"1":{"start":{"line":15,"column":4},"end":{"line":25,"column":5}},"2":{"start":{"line":28,"column":15},"end":{"line":39,"column":2}}},"fnMap":{"0":{"name":"(anonymous_0)","decl":{"start":{"line":14,"column":41},"end":{"line":14,"column":42}},"loc":{"start":{"line":14,"column":62},"end":{"line":26,"column":1}},"line":14}},"branchMap":{},"s":{"0":2,"1":2,"2":2},"f":{"0":2},"b":{},"_coverageSchema":"1a1c01bbd47fc00a2c39e90264f33305004495a9","hash":"8476ff1ca10ce8082591697e389dff11720207fa"}
,"C:\\Users\\ht652\\Documents\\devplomont\\ShoppingList\\src\\screens\\HomeScreen.tsx": {"path":"C:\\Users\\ht652\\Documents\\devplomont\\ShoppingList\\src\\screens\\HomeScreen.tsx","statementMap":{"0":{"start":{"line":11,"column":15},"end":{"line":11,"column":68}},"1":{"start":{"line":18,"column":36},"end":{"line":92,"column":1}},"2":{"start":{"line":20,"column":34},"end":{"line":20,"column":46}},"3":{"start":{"line":21,"column":34},"end":{"line":21,"column":58}},"4":{"start":{"line":22,"column":45},"end":{"line":22,"column":69}},"5":{"start":{"line":25,"column":21},"end":{"line":28,"column":9}},"6":{"start":{"line":29,"column":8},"end":{"line":34,"column":9}},"7":{"start":{"line":30,"column":12},"end":{"line":30,"column":41}},"8":{"start":{"line":32,"column":12},"end":{"line":32,"column":57}},"9":{"start":{"line":32,"column":36},"end":{"line":32,"column":56}},"10":{"start":{"line":33,"column":12},"end":{"line":33,"column":63}},"11":{"start":{"line":33,"column":42},"end":{"line":33,"column":62}},"12":{"start":{"line":38,"column":8},"end":{"line":40,"column":10}},"13":{"start":{"line":38,"column":32},"end":{"line":40,"column":9}},"14":{"start":{"line":39,"column":20},"end":{"line":39,"column":34}},"15":{"start":{"line":41,"column":8},"end":{"line":43,"column":10}},"16":{"start":{"line":41,"column":38},"end":{"line":43,"column":9}},"17":{"start":{"line":42,"column":20},"end":{"line":42,"column":34}},"18":{"start":{"line":47,"column":8},"end":{"line":51,"column":9}},"19":{"start":{"line":55,"column":8},"end":{"line":66,"column":9}},"20":{"start":{"line":56,"column":28},"end":{"line":60,"column":14}},"21":{"start":{"line":57,"column":33},"end":{"line":57,"column":87}},"22":{"start":{"line":58,"column":33},"end":{"line":58,"column":51}},"23":{"start":{"line":59,"column":16},"end":{"line":59,"column":55}},"24":{"start":{"line":61,"column":12},"end":{"line":61,"column":38}},"25":{"start":{"line":62,"column":12},"end":{"line":62,"column":29}},"26":{"start":{"line":64,"column":12},"end":{"line":64,"column":38}},"27":{"start":{"line":65,"column":12},"end":{"line":65,"column":29}},"28":{"start":{"line":69,"column":4},"end":{"line":91,"column":5}},"29":{"start":{"line":75,"column":42},"end":{"line":75,"column":60}},"30":{"start":{"line":81,"column":38},"end":{"line":81,"column":45}},"31":{"start":{"line":84,"column":20},"end":{"line":87,"column":22}},"32":{"start":{"line":86,"column":39},"end":{"line":86,"column":64}},"33":{"start":{"line":94,"column":15},"end":{"line":106,"column":2}}},"fnMap":{"0":{"name":"(anonymous_0)","decl":{"start":{"line":18,"column":36},"end":{"line":18,"column":37}},"loc":{"start":{"line":18,"column":42},"end":{"line":92,"column":1}},"line":18},"1":{"name":"handleAddNewItem","decl":{"start":{"line":24,"column":13},"end":{"line":24,"column":29}},"loc":{"start":{"line":24,"column":32},"end":{"line":35,"column":5}},"line":24},"2":{"name":"(anonymous_2)","decl":{"start":{"line":32,"column":23},"end":{"line":32,"column":24}},"loc":{"start":{"line":32,"column":36},"end":{"line":32,"column":56}},"line":32},"3":{"name":"(anonymous_3)","decl":{"start":{"line":33,"column":29},"end":{"line":33,"column":30}},"loc":{"start":{"line":33,"column":42},"end":{"line":33,"column":62}},"line":33},"4":{"name":"handleRemoveItem","decl":{"start":{"line":37,"column":13},"end":{"line":37,"column":29}},"loc":{"start":{"line":37,"column":42},"end":{"line":44,"column":5}},"line":37},"5":{"name":"(anonymous_5)","decl":{"start":{"line":38,"column":19},"end":{"line":38,"column":20}},"loc":{"start":{"line":38,"column":32},"end":{"line":40,"column":9}},"line":38},"6":{"name":"(anonymous_6)","decl":{"start":{"line":39,"column":12},"end":{"line":39,"column":13}},"loc":{"start":{"line":39,"column":20},"end":{"line":39,"column":34}},"line":39},"7":{"name":"(anonymous_7)","decl":{"start":{"line":41,"column":25},"end":{"line":41,"column":26}},"loc":{"start":{"line":41,"column":38},"end":{"line":43,"column":9}},"line":41},"8":{"name":"(anonymous_8)","decl":{"start":{"line":42,"column":12},"end":{"line":42,"column":13}},"loc":{"start":{"line":42,"column":20},"end":{"line":42,"column":34}},"line":42},"9":{"name":"ItemSeparatorView","decl":{"start":{"line":46,"column":13},"end":{"line":46,"column":30}},"loc":{"start":{"line":46,"column":33},"end":{"line":52,"column":5}},"line":46},"10":{"name":"searchFilter","decl":{"start":{"line":54,"column":13},"end":{"line":54,"column":25}},"loc":{"start":{"line":54,"column":40},"end":{"line":67,"column":5}},"line":54},"11":{"name":"(anonymous_11)","decl":{"start":{"line":56,"column":43},"end":{"line":56,"column":44}},"loc":{"start":{"line":56,"column":53},"end":{"line":60,"column":13}},"line":56},"12":{"name":"(anonymous_12)","decl":{"start":{"line":75,"column":34},"end":{"line":75,"column":35}},"loc":{"start":{"line":75,"column":42},"end":{"line":75,"column":60}},"line":75},"13":{"name":"(anonymous_13)","decl":{"start":{"line":81,"column":30},"end":{"line":81,"column":31}},"loc":{"start":{"line":81,"column":38},"end":{"line":81,"column":45}},"line":81},"14":{"name":"(anonymous_14)","decl":{"start":{"line":83,"column":28},"end":{"line":83,"column":29}},"loc":{"start":{"line":84,"column":20},"end":{"line":87,"column":22}},"line":84},"15":{"name":"(anonymous_15)","decl":{"start":{"line":86,"column":33},"end":{"line":86,"column":34}},"loc":{"start":{"line":86,"column":39},"end":{"line":86,"column":64}},"line":86}},"branchMap":{"0":{"loc":{"start":{"line":29,"column":8},"end":{"line":34,"column":9}},"type":"if","locations":[{"start":{"line":29,"column":8},"end":{"line":34,"column":9}},{"start":{"line":31,"column":15},"end":{"line":34,"column":9}}],"line":29},"1":{"loc":{"start":{"line":55,"column":8},"end":{"line":66,"column":9}},"type":"if","locations":[{"start":{"line":55,"column":8},"end":{"line":66,"column":9}},{"start":{"line":63,"column":15},"end":{"line":66,"column":9}}],"line":55},"2":{"loc":{"start":{"line":57,"column":33},"end":{"line":57,"column":87}},"type":"cond-expr","locations":[{"start":{"line":57,"column":45},"end":{"line":57,"column":68}},{"start":{"line":57,"column":71},"end":{"line":57,"column":87}}],"line":57}},"s":{"0":2,"1":2,"2":9,"3":9,"4":9,"5":2,"6":2,"7":0,"8":2,"9":2,"10":2,"11":2,"12":1,"13":1,"14":1,"15":1,"16":1,"17":1,"18":0,"19":2,"20":2,"21":0,"22":0,"23":0,"24":2,"25":2,"26":0,"27":0,"28":9,"29":2,"30":2,"31":2,"32":1,"33":2},"f":{"0":9,"1":2,"2":2,"3":2,"4":1,"5":1,"6":1,"7":1,"8":1,"9":0,"10":2,"11":0,"12":2,"13":2,"14":2,"15":1},"b":{"0":[0,2],"1":[2,0],"2":[0,0]},"_coverageSchema":"1a1c01bbd47fc00a2c39e90264f33305004495a9","hash":"9fcad85ab05307589805e281d44d092ea86239fe"}
}
