TN:
SF:src\App.tsx
FN:5,(anonymous_0)
FNF:1
FNH:1
FNDA:1,(anonymous_0)
DA:5,1
DA:6,1
LF:2
LH:2
BRF:0
BRH:0
end_of_record
TN:
SF:src\components\Header.tsx
FN:19,(anonymous_0)
FNF:1
FNH:1
FNDA:9,(anonymous_0)
DA:8,2
DA:19,2
DA:20,9
DA:40,2
LF:4
LH:4
BRF:0
BRH:0
end_of_record
TN:
SF:src\components\Item.tsx
FN:14,(anonymous_0)
FNF:1
FNH:1
FNDA:2,(anonymous_0)
DA:14,2
DA:15,2
DA:28,2
LF:3
LH:3
BRF:0
BRH:0
end_of_record
TN:
SF:src\screens\HomeScreen.tsx
FN:18,(anonymous_0)
FN:24,handleAddNewItem
FN:32,(anonymous_2)
FN:33,(anonymous_3)
FN:37,handleRemoveItem
FN:38,(anonymous_5)
FN:39,(anonymous_6)
FN:41,(anonymous_7)
FN:42,(anonymous_8)
FN:46,ItemSeparatorView
FN:54,searchFilter
FN:56,(anonymous_11)
FN:75,(anonymous_12)
FN:81,(anonymous_13)
FN:83,(anonymous_14)
FN:86,(anonymous_15)
FNF:16
FNH:14
FNDA:9,(anonymous_0)
FNDA:2,handleAddNewItem
FNDA:2,(anonymous_2)
FNDA:2,(anonymous_3)
FNDA:1,handleRemoveItem
FNDA:1,(anonymous_5)
FNDA:1,(anonymous_6)
FNDA:1,(anonymous_7)
FNDA:1,(anonymous_8)
FNDA:0,ItemSeparatorView
FNDA:2,searchFilter
FNDA:0,(anonymous_11)
FNDA:2,(anonymous_12)
FNDA:2,(anonymous_13)
FNDA:2,(anonymous_14)
FNDA:1,(anonymous_15)
DA:11,2
DA:18,2
DA:20,9
DA:21,9
DA:22,9
DA:25,2
DA:29,2
DA:30,0
DA:32,2
DA:33,2
DA:38,1
DA:39,1
DA:41,1
DA:42,1
DA:47,0
DA:55,2
DA:56,2
DA:57,0
DA:58,0
DA:59,0
DA:61,2
DA:62,2
DA:64,0
DA:65,0
DA:69,9
DA:75,2
DA:81,2
DA:84,2
DA:86,1
DA:94,2
LF:30
LH:23
BRDA:29,0,0,0
BRDA:29,0,1,2
BRDA:55,1,0,2
BRDA:55,1,1,0
BRDA:57,2,0,0
BRDA:57,2,1,0
BRF:6
BRH:2
end_of_record
